0 info it worked if it ends with ok
1 verbose cli [ '/usr/local/Cellar/node/5.10.0/bin/node',
1 verbose cli   '/usr/local/bin/npm',
1 verbose cli   'run',
1 verbose cli   'deploy' ]
2 info using npm@3.8.3
3 info using node@v5.10.0
4 verbose run-script [ 'predeploy', 'deploy', 'postdeploy' ]
5 info lifecycle npm-react-kanban@1.0.0~predeploy: npm-react-kanban@1.0.0
6 silly lifecycle npm-react-kanban@1.0.0~predeploy: no script for predeploy, continuing
7 info lifecycle npm-react-kanban@1.0.0~deploy: npm-react-kanban@1.0.0
8 verbose lifecycle npm-react-kanban@1.0.0~deploy: unsafe-perm in lifecycle true
9 verbose lifecycle npm-react-kanban@1.0.0~deploy: PATH: /usr/local/lib/node_modules/npm/bin/node-gyp-bin:/Users/kon9622/Sites/react/kanban/node_modules/.bin:/usr/local/Cellar/node/5.10.0/bin:/usr/local/sbin:/usr/local/bin:/usr/bin:/bin:/usr/sbin:/sbin
10 verbose lifecycle npm-react-kanban@1.0.0~deploy: CWD: /Users/kon9622/Sites/react/kanban
11 silly lifecycle npm-react-kanban@1.0.0~deploy: Args: [ '-c', 'gh-pages -d public' ]
12 silly lifecycle npm-react-kanban@1.0.0~deploy: Returned: code: 1  signal: null
13 info lifecycle npm-react-kanban@1.0.0~deploy: Failed to exec deploy script
14 verbose stack Error: npm-react-kanban@1.0.0 deploy: `gh-pages -d public`
14 verbose stack Exit status 1
14 verbose stack     at EventEmitter.<anonymous> (/usr/local/lib/node_modules/npm/lib/utils/lifecycle.js:239:16)
14 verbose stack     at emitTwo (events.js:100:13)
14 verbose stack     at EventEmitter.emit (events.js:185:7)
14 verbose stack     at ChildProcess.<anonymous> (/usr/local/lib/node_modules/npm/lib/utils/spawn.js:24:14)
14 verbose stack     at emitTwo (events.js:100:13)
14 verbose stack     at ChildProcess.emit (events.js:185:7)
14 verbose stack     at maybeClose (internal/child_process.js:850:16)
14 verbose stack     at Process.ChildProcess._handle.onexit (internal/child_process.js:215:5)
15 verbose pkgid npm-react-kanban@1.0.0
16 verbose cwd /Users/kon9622/Sites/react/kanban
17 error Darwin 14.5.0
18 error argv "/usr/local/Cellar/node/5.10.0/bin/node" "/usr/local/bin/npm" "run" "deploy"
19 error node v5.10.0
20 error npm  v3.8.3
21 error code ELIFECYCLE
22 error npm-react-kanban@1.0.0 deploy: `gh-pages -d public`
22 error Exit status 1
23 error Failed at the npm-react-kanban@1.0.0 deploy script 'gh-pages -d public'.
23 error Make sure you have the latest version of node.js and npm installed.
23 error If you do, this is most likely a problem with the npm-react-kanban package,
23 error not with npm itself.
23 error Tell the author that this fails on your system:
23 error     gh-pages -d public
23 error You can get information on how to open an issue for this project with:
23 error     npm bugs npm-react-kanban
23 error Or if that isn't available, you can get their info via:
23 error     npm owner ls npm-react-kanban
23 error There is likely additional logging output above.
24 verbose exit [ 1, true ]
